0 info it worked if it ends with ok
1 verbose cli [
1 verbose cli   'C:\\Program Files\\nodejs\\node.exe',
1 verbose cli   'C:\\Users\\Jacob\\Desktop\\Hacker_1\\GitHub\\cosmicapp-real-estate\\node_modules\\npm\\bin\\npm-cli.js',
1 verbose cli   'run',
1 verbose cli   'concat-js;',
1 verbose cli   'npm',
1 verbose cli   'run',
1 verbose cli   'uglifyjs;',
1 verbose cli   'npm',
1 verbose cli   'run',
1 verbose cli   'less;',
1 verbose cli   'npm',
1 verbose cli   'run',
1 verbose cli   'concat-css;',
1 verbose cli   'npm',
1 verbose cli   'run',
1 verbose cli   'minify-css;',
1 verbose cli   'NODE_ENV=production',
1 verbose cli   'node',
1 verbose cli   'app.js'
1 verbose cli ]
2 info using npm@3.10.10
3 info using node@v14.8.0
4 warn invalid config loglevel="notice"
5 verbose stack Error: missing script: concat-js;
5 verbose stack     at run (C:\Users\Jacob\Desktop\Hacker_1\GitHub\cosmicapp-real-estate\node_modules\npm\lib\run-script.js:151:19)
5 verbose stack     at C:\Users\Jacob\Desktop\Hacker_1\GitHub\cosmicapp-real-estate\node_modules\npm\lib\run-script.js:61:5
5 verbose stack     at C:\Users\Jacob\Desktop\Hacker_1\GitHub\cosmicapp-real-estate\node_modules\npm\node_modules\read-package-json\read-json.js:356:5
5 verbose stack     at checkBinReferences_ (C:\Users\Jacob\Desktop\Hacker_1\GitHub\cosmicapp-real-estate\node_modules\npm\node_modules\read-package-json\read-json.js:320:45)
5 verbose stack     at final (C:\Users\Jacob\Desktop\Hacker_1\GitHub\cosmicapp-real-estate\node_modules\npm\node_modules\read-package-json\read-json.js:354:3)
5 verbose stack     at then (C:\Users\Jacob\Desktop\Hacker_1\GitHub\cosmicapp-real-estate\node_modules\npm\node_modules\read-package-json\read-json.js:124:5)
5 verbose stack     at C:\Users\Jacob\Desktop\Hacker_1\GitHub\cosmicapp-real-estate\node_modules\npm\node_modules\read-package-json\read-json.js:311:12
5 verbose stack     at C:\Users\Jacob\Desktop\Hacker_1\GitHub\cosmicapp-real-estate\node_modules\npm\node_modules\graceful-fs\graceful-fs.js:78:16
5 verbose stack     at FSReqCallback.readFileAfterClose [as oncomplete] (internal/fs/read_file_context.js:63:3)
6 verbose cwd C:\Users\Jacob\Desktop\Hacker_1\GitHub\cosmicapp-real-estate
7 error Windows_NT 10.0.10240
8 error argv "C:\\Program Files\\nodejs\\node.exe" "C:\\Users\\Jacob\\Desktop\\Hacker_1\\GitHub\\cosmicapp-real-estate\\node_modules\\npm\\bin\\npm-cli.js" "run" "concat-js;" "npm" "run" "uglifyjs;" "npm" "run" "less;" "npm" "run" "concat-css;" "npm" "run" "minify-css;" "NODE_ENV=production" "node" "app.js"
9 error node v14.8.0
10 error npm  v3.10.10
11 error missing script: concat-js;
12 error If you need help, you may report this error at:
12 error     <https://github.com/npm/npm/issues>
13 verbose exit [ 1, true ]
